<?xml version="1.0" encoding="UTF-8"?>
<!-- Generated by org.testng.reporters.JUnitXMLReporter -->
<testsuite ignored="2" hostname="LAPTOP-97M9LKK6" failures="1" tests="2" name="Test" time="45.454" errors="0" timestamp="2022-03-16T16:50:23 IST">
  <testcase classname="com.crm.OrganizationTests.CreateOrgIndTypeWithBaseclassTest" name="createOrgIndType" time="18.928"/>
  <testcase classname="com.crm.OrganizationTests.CreatOrgWithBaseclassTest" name="createOrgWithBaseclass" time="4.416">
    <failure type="java.lang.AssertionError" message="null">
      <![CDATA[java.lang.AssertionError: null
at com.crm.OrganizationTests.CreatOrgWithBaseclassTest.createOrgWithBaseclass(CreatOrgWithBaseclassTest.java:29)
at java.base/java.util.ArrayList.forEach(ArrayList.java:1511)
... Removed 29 stack frames]]>
    </failure>
  </testcase> <!-- createOrgWithBaseclass -->
  <testcase classname="com.crm.GenericLibrary.BaseClass" name="@AfterSuite closeDb" time="0.0">
    <ignored/>
  </testcase> <!-- @AfterSuite closeDb -->
  <testcase classname="com.crm.GenericLibrary.BaseClass" name="@BeforeSuite connectDataBase" time="0.0">
    <ignored/>
  </testcase> <!-- @BeforeSuite connectDataBase -->
</testsuite> <!-- Test -->
